{"name":"hexo","hostname":"nevercautionui-MacBook-Pro.local","pid":42843,"level":20,"msg":"Hexo version: \u001b[35m3.3.7\u001b[39m","time":"2017-06-10T07:20:27.466Z","v":0}
{"name":"hexo","hostname":"nevercautionui-MacBook-Pro.local","pid":42843,"level":20,"msg":"Working directory: \u001b[35m~/Documents/blog-source/\u001b[39m","time":"2017-06-10T07:20:27.469Z","v":0}
{"name":"hexo","hostname":"nevercautionui-MacBook-Pro.local","pid":42843,"level":20,"msg":"Config loaded: \u001b[35m~/Documents/blog-source/_config.yml\u001b[39m","time":"2017-06-10T07:20:27.611Z","v":0}
{"name":"hexo","hostname":"nevercautionui-MacBook-Pro.local","pid":42843,"level":20,"msg":"Plugin loaded: \u001b[35mhexo-deployer-git\u001b[39m","time":"2017-06-10T07:20:27.635Z","v":0}
{"name":"hexo","hostname":"nevercautionui-MacBook-Pro.local","pid":42843,"level":20,"msg":"Plugin loaded: \u001b[35mhexo-generator-archive\u001b[39m","time":"2017-06-10T07:20:27.640Z","v":0}
{"name":"hexo","hostname":"nevercautionui-MacBook-Pro.local","pid":42843,"level":20,"msg":"Plugin loaded: \u001b[35mhexo-generator-category\u001b[39m","time":"2017-06-10T07:20:27.643Z","v":0}
{"name":"hexo","hostname":"nevercautionui-MacBook-Pro.local","pid":42843,"level":20,"msg":"Plugin loaded: \u001b[35mhexo-generator-index\u001b[39m","time":"2017-06-10T07:20:27.645Z","v":0}
{"name":"hexo","hostname":"nevercautionui-MacBook-Pro.local","pid":42843,"level":20,"msg":"Plugin loaded: \u001b[35mhexo-generator-tag\u001b[39m","time":"2017-06-10T07:20:27.647Z","v":0}
{"name":"hexo","hostname":"nevercautionui-MacBook-Pro.local","pid":42843,"level":20,"msg":"Plugin loaded: \u001b[35mhexo-renderer-ejs\u001b[39m","time":"2017-06-10T07:20:27.652Z","v":0}
{"name":"hexo","hostname":"nevercautionui-MacBook-Pro.local","pid":42843,"level":20,"msg":"Plugin loaded: \u001b[35mhexo-renderer-markdown-it\u001b[39m","time":"2017-06-10T07:20:27.653Z","v":0}
{"name":"hexo","hostname":"nevercautionui-MacBook-Pro.local","pid":42843,"level":20,"msg":"Plugin loaded: \u001b[35mhexo-generator-seo-friendly-sitemap\u001b[39m","time":"2017-06-10T07:20:27.684Z","v":0}
{"name":"hexo","hostname":"nevercautionui-MacBook-Pro.local","pid":42843,"level":20,"msg":"Plugin loaded: \u001b[35mhexo-renderer-stylus\u001b[39m","time":"2017-06-10T07:20:27.687Z","v":0}
{"name":"hexo","hostname":"nevercautionui-MacBook-Pro.local","pid":42843,"level":20,"msg":"Plugin loaded: \u001b[35mhexo-server\u001b[39m","time":"2017-06-10T07:20:27.792Z","v":0}
{"name":"hexo","hostname":"nevercautionui-MacBook-Pro.local","pid":42843,"level":20,"msg":"Plugin loaded: \u001b[35mhexo-toc\u001b[39m","time":"2017-06-10T07:20:27.930Z","v":0}
{"name":"hexo","hostname":"nevercautionui-MacBook-Pro.local","pid":42843,"level":20,"msg":"Loading database.","time":"2017-06-10T07:20:27.932Z","v":0}
{"name":"hexo","hostname":"nevercautionui-MacBook-Pro.local","pid":42843,"level":30,"msg":"Start processing","time":"2017-06-10T07:20:27.998Z","v":0}
{"name":"hexo","hostname":"nevercautionui-MacBook-Pro.local","pid":42843,"level":20,"msg":"Processed: \u001b[35m404.md\u001b[39m","time":"2017-06-10T07:20:28.049Z","v":0}
{"name":"hexo","hostname":"nevercautionui-MacBook-Pro.local","pid":42843,"level":20,"msg":"Processed: \u001b[35mCNAME\u001b[39m","time":"2017-06-10T07:20:28.050Z","v":0}
{"name":"hexo","hostname":"nevercautionui-MacBook-Pro.local","pid":42843,"level":20,"msg":"Processed: \u001b[35m_posts/store-inapp-in-python.md\u001b[39m","time":"2017-06-10T07:20:28.076Z","v":0}
{"name":"hexo","hostname":"nevercautionui-MacBook-Pro.local","pid":42843,"level":20,"msg":"Processed: \u001b[35mabout/index.md\u001b[39m","time":"2017-06-10T07:20:28.076Z","v":0}
{"name":"hexo","hostname":"nevercautionui-MacBook-Pro.local","pid":42843,"level":20,"msg":"Processed: \u001b[35m_posts/django-ajax.md\u001b[39m","time":"2017-06-10T07:20:28.076Z","v":0}
{"name":"hexo","hostname":"nevercautionui-MacBook-Pro.local","pid":42843,"level":20,"msg":"Processed: \u001b[35marchive/index.md\u001b[39m","time":"2017-06-10T07:20:28.076Z","v":0}
{"name":"hexo","hostname":"nevercautionui-MacBook-Pro.local","pid":42843,"level":20,"msg":"Processed: \u001b[35mtags/index.md\u001b[39m","time":"2017-06-10T07:20:28.076Z","v":0}
{"name":"hexo","hostname":"nevercautionui-MacBook-Pro.local","pid":42843,"level":20,"msg":"Processed: \u001b[35mimg/icon_wechat.png\u001b[39m","time":"2017-06-10T07:20:28.077Z","v":0}
{"name":"hexo","hostname":"nevercautionui-MacBook-Pro.local","pid":42843,"level":20,"msg":"Theme config loaded.","time":"2017-06-10T07:20:28.104Z","v":0}
{"name":"hexo","hostname":"nevercautionui-MacBook-Pro.local","pid":42843,"level":20,"msg":"Processed: \u001b[35m_config.yml\u001b[39m","time":"2017-06-10T07:20:28.105Z","v":0}
{"name":"hexo","hostname":"nevercautionui-MacBook-Pro.local","pid":42843,"level":20,"msg":"Processed: \u001b[35mimg/404-bg.jpg\u001b[39m","time":"2017-06-10T07:20:28.105Z","v":0}
{"name":"hexo","hostname":"nevercautionui-MacBook-Pro.local","pid":42843,"level":20,"msg":"Processed: \u001b[35mimg/header_img/Iron-Man-3.jpg\u001b[39m","time":"2017-06-10T07:20:28.129Z","v":0}
{"name":"hexo","hostname":"nevercautionui-MacBook-Pro.local","pid":42843,"level":20,"msg":"Processed: \u001b[35mimg/ironman-draw.png\u001b[39m","time":"2017-06-10T07:20:28.130Z","v":0}
{"name":"hexo","hostname":"nevercautionui-MacBook-Pro.local","pid":42843,"level":20,"msg":"Processed: \u001b[35msource/css/archive.styl\u001b[39m","time":"2017-06-10T07:20:28.130Z","v":0}
{"name":"hexo","hostname":"nevercautionui-MacBook-Pro.local","pid":42843,"level":20,"msg":"Processed: \u001b[35msource/css/beantech.css\u001b[39m","time":"2017-06-10T07:20:28.131Z","v":0}
{"name":"hexo","hostname":"nevercautionui-MacBook-Pro.local","pid":42843,"level":20,"msg":"Processed: \u001b[35msource/css/beantech.min.css\u001b[39m","time":"2017-06-10T07:20:28.131Z","v":0}
{"name":"hexo","hostname":"nevercautionui-MacBook-Pro.local","pid":42843,"level":20,"msg":"Processed: \u001b[35msource/css/rocket.styl\u001b[39m","time":"2017-06-10T07:20:28.132Z","v":0}
{"name":"hexo","hostname":"nevercautionui-MacBook-Pro.local","pid":42843,"level":20,"msg":"Processed: \u001b[35msource/css/hux-blog.min.css\u001b[39m","time":"2017-06-10T07:20:28.133Z","v":0}
{"name":"hexo","hostname":"nevercautionui-MacBook-Pro.local","pid":42843,"level":20,"msg":"Processed: \u001b[35msource/css/highlight.styl\u001b[39m","time":"2017-06-10T07:20:28.133Z","v":0}
{"name":"hexo","hostname":"nevercautionui-MacBook-Pro.local","pid":42843,"level":20,"msg":"Processed: \u001b[35msource/css/signature.styl\u001b[39m","time":"2017-06-10T07:20:28.134Z","v":0}
{"name":"hexo","hostname":"nevercautionui-MacBook-Pro.local","pid":42843,"level":20,"msg":"Processed: \u001b[35msource/css/widget.styl\u001b[39m","time":"2017-06-10T07:20:28.135Z","v":0}
{"name":"hexo","hostname":"nevercautionui-MacBook-Pro.local","pid":42843,"level":20,"msg":"Processed: \u001b[35msource/css/toc.styl\u001b[39m","time":"2017-06-10T07:20:28.137Z","v":0}
{"name":"hexo","hostname":"nevercautionui-MacBook-Pro.local","pid":42843,"level":20,"msg":"Processed: \u001b[35msource/fonts/glyphicons-halflings-regular.eot\u001b[39m","time":"2017-06-10T07:20:28.138Z","v":0}
{"name":"hexo","hostname":"nevercautionui-MacBook-Pro.local","pid":42843,"level":20,"msg":"Processed: \u001b[35msource/fonts/glyphicons-halflings-regular.ttf\u001b[39m","time":"2017-06-10T07:20:28.139Z","v":0}
{"name":"hexo","hostname":"nevercautionui-MacBook-Pro.local","pid":42843,"level":20,"msg":"Processed: \u001b[35msource/fonts/glyphicons-halflings-regular.woff2\u001b[39m","time":"2017-06-10T07:20:28.140Z","v":0}
{"name":"hexo","hostname":"nevercautionui-MacBook-Pro.local","pid":42843,"level":20,"msg":"Processed: \u001b[35msource/fonts/glyphicons-halflings-regular.woff\u001b[39m","time":"2017-06-10T07:20:28.140Z","v":0}
{"name":"hexo","hostname":"nevercautionui-MacBook-Pro.local","pid":42843,"level":20,"msg":"Processed: \u001b[35msource/js/hux-blog.js\u001b[39m","time":"2017-06-10T07:20:28.141Z","v":0}
{"name":"hexo","hostname":"nevercautionui-MacBook-Pro.local","pid":42843,"level":20,"msg":"Processed: \u001b[35msource/js/bootstrap.min.js\u001b[39m","time":"2017-06-10T07:20:28.141Z","v":0}
{"name":"hexo","hostname":"nevercautionui-MacBook-Pro.local","pid":42843,"level":20,"msg":"Processed: \u001b[35msource/js/hux-blog.min.js\u001b[39m","time":"2017-06-10T07:20:28.142Z","v":0}
{"name":"hexo","hostname":"nevercautionui-MacBook-Pro.local","pid":42843,"level":20,"msg":"Processed: \u001b[35msource/js/jquery.nav.js\u001b[39m","time":"2017-06-10T07:20:28.144Z","v":0}
{"name":"hexo","hostname":"nevercautionui-MacBook-Pro.local","pid":42843,"level":20,"msg":"Processed: \u001b[35msource/js/jquery.tagcloud.js\u001b[39m","time":"2017-06-10T07:20:28.144Z","v":0}
{"name":"hexo","hostname":"nevercautionui-MacBook-Pro.local","pid":42843,"level":20,"msg":"Processed: \u001b[35msource/js/toc.js\u001b[39m","time":"2017-06-10T07:20:28.145Z","v":0}
{"name":"hexo","hostname":"nevercautionui-MacBook-Pro.local","pid":42843,"level":20,"msg":"Processed: \u001b[35msource/js/totop.js\u001b[39m","time":"2017-06-10T07:20:28.145Z","v":0}
{"name":"hexo","hostname":"nevercautionui-MacBook-Pro.local","pid":42843,"level":20,"msg":"Processed: \u001b[35mimg/contact-bg.jpg\u001b[39m","time":"2017-06-10T07:20:28.152Z","v":0}
{"name":"hexo","hostname":"nevercautionui-MacBook-Pro.local","pid":42843,"level":20,"msg":"Processed: \u001b[35mimg/signature/BeanTechSign-white.png\u001b[39m","time":"2017-06-10T07:20:28.154Z","v":0}
{"name":"hexo","hostname":"nevercautionui-MacBook-Pro.local","pid":42843,"level":20,"msg":"Processed: \u001b[35msource/css/bootstrap.min.css\u001b[39m","time":"2017-06-10T07:20:28.155Z","v":0}
{"name":"hexo","hostname":"nevercautionui-MacBook-Pro.local","pid":42843,"level":20,"msg":"Processed: \u001b[35msource/fonts/glyphicons-halflings-regular.svg\u001b[39m","time":"2017-06-10T07:20:28.161Z","v":0}
{"name":"hexo","hostname":"nevercautionui-MacBook-Pro.local","pid":42843,"level":20,"msg":"Processed: \u001b[35msource/js/bootstrap.js\u001b[39m","time":"2017-06-10T07:20:28.162Z","v":0}
{"name":"hexo","hostname":"nevercautionui-MacBook-Pro.local","pid":42843,"level":20,"msg":"Processed: \u001b[35msource/js/jquery.min.js\u001b[39m","time":"2017-06-10T07:20:28.162Z","v":0}
{"name":"hexo","hostname":"nevercautionui-MacBook-Pro.local","pid":42843,"level":20,"msg":"Processed: \u001b[35mlayout/404.ejs\u001b[39m","time":"2017-06-10T07:20:28.197Z","v":0}
{"name":"hexo","hostname":"nevercautionui-MacBook-Pro.local","pid":42843,"level":20,"msg":"Processed: \u001b[35mlayout/about.ejs\u001b[39m","time":"2017-06-10T07:20:28.197Z","v":0}
{"name":"hexo","hostname":"nevercautionui-MacBook-Pro.local","pid":42843,"level":20,"msg":"Processed: \u001b[35mlayout/archive.ejs\u001b[39m","time":"2017-06-10T07:20:28.197Z","v":0}
{"name":"hexo","hostname":"nevercautionui-MacBook-Pro.local","pid":42843,"level":20,"msg":"Processed: \u001b[35mlayout/index.ejs\u001b[39m","time":"2017-06-10T07:20:28.197Z","v":0}
{"name":"hexo","hostname":"nevercautionui-MacBook-Pro.local","pid":42843,"level":20,"msg":"Processed: \u001b[35mlayout/layout.ejs\u001b[39m","time":"2017-06-10T07:20:28.197Z","v":0}
{"name":"hexo","hostname":"nevercautionui-MacBook-Pro.local","pid":42843,"level":20,"msg":"Processed: \u001b[35mlayout/keynote.ejs\u001b[39m","time":"2017-06-10T07:20:28.198Z","v":0}
{"name":"hexo","hostname":"nevercautionui-MacBook-Pro.local","pid":42843,"level":20,"msg":"Processed: \u001b[35mlayout/page.ejs\u001b[39m","time":"2017-06-10T07:20:28.198Z","v":0}
{"name":"hexo","hostname":"nevercautionui-MacBook-Pro.local","pid":42843,"level":20,"msg":"Processed: \u001b[35mlayout/tags.ejs\u001b[39m","time":"2017-06-10T07:20:28.198Z","v":0}
{"name":"hexo","hostname":"nevercautionui-MacBook-Pro.local","pid":42843,"level":20,"msg":"Processed: \u001b[35mlayout/post.ejs\u001b[39m","time":"2017-06-10T07:20:28.198Z","v":0}
{"name":"hexo","hostname":"nevercautionui-MacBook-Pro.local","pid":42843,"level":20,"msg":"Processed: \u001b[35mimg/header_img/tf-logo-dark.png\u001b[39m","time":"2017-06-10T07:20:28.200Z","v":0}
{"name":"hexo","hostname":"nevercautionui-MacBook-Pro.local","pid":42843,"level":20,"msg":"Processed: \u001b[35mimg/signature/BeanTechSign-black.png\u001b[39m","time":"2017-06-10T07:20:28.200Z","v":0}
{"name":"hexo","hostname":"nevercautionui-MacBook-Pro.local","pid":42843,"level":20,"msg":"Processed: \u001b[35msource/css/images/ironman.png\u001b[39m","time":"2017-06-10T07:20:28.200Z","v":0}
{"name":"hexo","hostname":"nevercautionui-MacBook-Pro.local","pid":42843,"level":20,"msg":"Processed: \u001b[35msource/css/images/rocket.png\u001b[39m","time":"2017-06-10T07:20:28.201Z","v":0}
{"name":"hexo","hostname":"nevercautionui-MacBook-Pro.local","pid":42843,"level":20,"msg":"Processed: \u001b[35msource/css/bootstrap.css\u001b[39m","time":"2017-06-10T07:20:28.201Z","v":0}
{"name":"hexo","hostname":"nevercautionui-MacBook-Pro.local","pid":42843,"level":20,"msg":"Processed: \u001b[35msource/js/jquery.js\u001b[39m","time":"2017-06-10T07:20:28.208Z","v":0}
{"name":"hexo","hostname":"nevercautionui-MacBook-Pro.local","pid":42843,"level":20,"msg":"Processed: \u001b[35mlayout/_partial/head.ejs\u001b[39m","time":"2017-06-10T07:20:28.222Z","v":0}
{"name":"hexo","hostname":"nevercautionui-MacBook-Pro.local","pid":42843,"level":20,"msg":"Processed: \u001b[35mlayout/_partial/footer.ejs\u001b[39m","time":"2017-06-10T07:20:28.222Z","v":0}
{"name":"hexo","hostname":"nevercautionui-MacBook-Pro.local","pid":42843,"level":20,"msg":"Processed: \u001b[35mlayout/_partial/nav.ejs\u001b[39m","time":"2017-06-10T07:20:28.222Z","v":0}
{"name":"hexo","hostname":"nevercautionui-MacBook-Pro.local","pid":42843,"level":20,"msg":"Processed: \u001b[35mlayout/_partial/header.ejs\u001b[39m","time":"2017-06-10T07:20:28.222Z","v":0}
{"name":"hexo","hostname":"nevercautionui-MacBook-Pro.local","pid":42843,"level":20,"msg":"Processed: \u001b[35mlayout/_partial/pagination.ejs\u001b[39m","time":"2017-06-10T07:20:28.222Z","v":0}
{"name":"hexo","hostname":"nevercautionui-MacBook-Pro.local","pid":42843,"level":20,"msg":"Processed: \u001b[35mlayout/_partial/sidebar.ejs\u001b[39m","time":"2017-06-10T07:20:28.222Z","v":0}
{"name":"hexo","hostname":"nevercautionui-MacBook-Pro.local","pid":42843,"level":20,"msg":"Processed: \u001b[35mlayout/_widget/category.ejs\u001b[39m","time":"2017-06-10T07:20:28.222Z","v":0}
{"name":"hexo","hostname":"nevercautionui-MacBook-Pro.local","pid":42843,"level":20,"msg":"Processed: \u001b[35mlayout/_partial/toc.ejs\u001b[39m","time":"2017-06-10T07:20:28.222Z","v":0}
{"name":"hexo","hostname":"nevercautionui-MacBook-Pro.local","pid":42843,"level":20,"msg":"Processed: \u001b[35mlayout/_widget/featured-tags.ejs\u001b[39m","time":"2017-06-10T07:20:28.222Z","v":0}
{"name":"hexo","hostname":"nevercautionui-MacBook-Pro.local","pid":42843,"level":20,"msg":"Processed: \u001b[35mlayout/_widget/archive.ejs\u001b[39m","time":"2017-06-10T07:20:28.222Z","v":0}
{"name":"hexo","hostname":"nevercautionui-MacBook-Pro.local","pid":42843,"level":20,"msg":"Processed: \u001b[35mlayout/_widget/recent-posts.ejs\u001b[39m","time":"2017-06-10T07:20:28.223Z","v":0}
{"name":"hexo","hostname":"nevercautionui-MacBook-Pro.local","pid":42843,"level":20,"msg":"Processed: \u001b[35mlayout/_widget/friends-blog.ejs\u001b[39m","time":"2017-06-10T07:20:28.223Z","v":0}
{"name":"hexo","hostname":"nevercautionui-MacBook-Pro.local","pid":42843,"level":20,"msg":"Processed: \u001b[35mlayout/_widget/short-about.ejs\u001b[39m","time":"2017-06-10T07:20:28.223Z","v":0}
{"name":"hexo","hostname":"nevercautionui-MacBook-Pro.local","pid":42843,"level":20,"msg":"Processed: \u001b[35mimg/beantech-desktop.png\u001b[39m","time":"2017-06-10T07:20:28.250Z","v":0}
{"name":"hexo","hostname":"nevercautionui-MacBook-Pro.local","pid":42843,"level":20,"msg":"Processed: \u001b[35mimg/header_img/tag-bg.png\u001b[39m","time":"2017-06-10T07:20:28.252Z","v":0}
{"name":"hexo","hostname":"nevercautionui-MacBook-Pro.local","pid":42843,"level":20,"msg":"Processed: \u001b[35mimg/header_img/home-bg-o.png\u001b[39m","time":"2017-06-10T07:20:28.258Z","v":0}
{"name":"hexo","hostname":"nevercautionui-MacBook-Pro.local","pid":42843,"level":20,"msg":"Processed: \u001b[35mimg/header_img/home-bg-2-dark.png\u001b[39m","time":"2017-06-10T07:20:28.259Z","v":0}
{"name":"hexo","hostname":"nevercautionui-MacBook-Pro.local","pid":42843,"level":20,"msg":"Processed: \u001b[35mimg/header_img/archive-bg.png\u001b[39m","time":"2017-06-10T07:20:28.261Z","v":0}
{"name":"hexo","hostname":"nevercautionui-MacBook-Pro.local","pid":42843,"level":60,"err":{"message":"(unknown path) [Line 50, Column 115]\n  unknown block tag: csrf_token","name":"Template render error","stack":"Template render error: (unknown path) [Line 50, Column 115]\n  unknown block tag: csrf_token\n    at Object.exports.prettifyError (/Users/nevercaution/Documents/blog-source/node_modules/nunjucks/src/lib.js:34:15)\n    at new_cls.render (/Users/nevercaution/Documents/blog-source/node_modules/nunjucks/src/environment.js:469:27)\n    at new_cls.renderString (/Users/nevercaution/Documents/blog-source/node_modules/nunjucks/src/environment.js:327:21)\n    at /Users/nevercaution/Documents/blog-source/node_modules/hexo/lib/extend/tag.js:66:9\n    at Promise._execute (/Users/nevercaution/Documents/blog-source/node_modules/bluebird/js/release/debuggability.js:300:9)\n    at Promise._resolveFromExecutor (/Users/nevercaution/Documents/blog-source/node_modules/bluebird/js/release/promise.js:483:18)\n    at new Promise (/Users/nevercaution/Documents/blog-source/node_modules/bluebird/js/release/promise.js:79:10)\n    at Tag.render (/Users/nevercaution/Documents/blog-source/node_modules/hexo/lib/extend/tag.js:64:10)\n    at Object.tagFilter [as onRenderEnd] (/Users/nevercaution/Documents/blog-source/node_modules/hexo/lib/hexo/post.js:253:16)\n    at /Users/nevercaution/Documents/blog-source/node_modules/hexo/lib/hexo/render.js:65:19\n    at tryCatcher (/Users/nevercaution/Documents/blog-source/node_modules/bluebird/js/release/util.js:16:23)\n    at Promise._settlePromiseFromHandler (/Users/nevercaution/Documents/blog-source/node_modules/bluebird/js/release/promise.js:512:31)\n    at Promise._settlePromise (/Users/nevercaution/Documents/blog-source/node_modules/bluebird/js/release/promise.js:569:18)\n    at Promise._settlePromise0 (/Users/nevercaution/Documents/blog-source/node_modules/bluebird/js/release/promise.js:614:10)\n    at Promise._settlePromises (/Users/nevercaution/Documents/blog-source/node_modules/bluebird/js/release/promise.js:693:18)\n    at Async._drainQueue (/Users/nevercaution/Documents/blog-source/node_modules/bluebird/js/release/async.js:133:16)\n    at Async._drainQueues (/Users/nevercaution/Documents/blog-source/node_modules/bluebird/js/release/async.js:143:10)\n    at Immediate.Async.drainQueues (/Users/nevercaution/Documents/blog-source/node_modules/bluebird/js/release/async.js:17:14)\n    at runCallback (timers.js:651:20)\n    at tryOnImmediate (timers.js:624:5)\n    at processImmediate [as _immediateCallback] (timers.js:596:5)"},"msg":"Something's wrong. Maybe you can find the solution here: \u001b[4mhttp://hexo.io/docs/troubleshooting.html\u001b[24m","time":"2017-06-10T07:20:29.141Z","v":0}
{"name":"hexo","hostname":"nevercautionui-MacBook-Pro.local","pid":42843,"level":20,"msg":"Database saved","time":"2017-06-10T07:20:29.154Z","v":0}
